<?xml version="1.0" encoding="UTF-8"?>
<Site BuildName="(empty)"
	BuildStamp="20250312-0230-Experimental"
	Name="irohasu"
	Generator="ctest-3.26.3"
	CompilerName="/usr/bin/c++"
	CompilerVersion="9.4.0"
	OSName="Linux"
	Hostname="irohasu"
	OSRelease="5.15.0-134-generic"
	OSVersion="#145~20.04.1-Ubuntu SMP Mon Feb 17 13:27:16 UTC 2025"
	OSPlatform="x86_64"
	Is64Bits="1"
	VendorString="GenuineIntel"
	VendorID="Intel Corporation"
	FamilyID="6"
	ModelID="183"
	ProcessorCacheSize="36864"
	NumberOfLogicalCPU="32"
	NumberOfPhysicalCPU="24"
	TotalVirtualMemory="2047"
	TotalPhysicalMemory="31917"
	LogicalProcessorsPerPhysical="1"
	ProcessorClockFrequency="5500"
	>
	<Testing>
		<StartDateTime>Mar 12 11:30 JST</StartDateTime>
		<StartTestTime>1741746642</StartTestTime>
		<TestList/>
		<EndDateTime>Mar 12 11:30 JST</EndDateTime>
		<EndTestTime>1741746642</EndTestTime>
		<ElapsedMinutes>0</ElapsedMinutes>
	</Testing>
</Site>
