<?xml version="1.0" encoding="UTF-8"?>
<Site BuildName="(empty)"
	BuildStamp="20250108-0902-Experimental"
	Name="irohasu"
	Generator="ctest-3.26.3"
	CompilerName="/usr/bin/c++"
	CompilerVersion="9.4.0"
	OSName="Linux"
	Hostname="irohasu"
	OSRelease="5.15.0-127-generic"
	OSVersion="#137~20.04.1-Ubuntu SMP Fri Nov 15 14:46:54 UTC 2024"
	OSPlatform="x86_64"
	Is64Bits="1"
	VendorString="GenuineIntel"
	VendorID="Intel Corporation"
	FamilyID="6"
	ModelID="183"
	ProcessorCacheSize="36864"
	NumberOfLogicalCPU="32"
	NumberOfPhysicalCPU="24"
	TotalVirtualMemory="2047"
	TotalPhysicalMemory="31917"
	LogicalProcessorsPerPhysical="1"
	ProcessorClockFrequency="3000"
	>
	<Testing>
		<StartDateTime>Jan 08 18:02 JST</StartDateTime>
		<StartTestTime>1736326928</StartTestTime>
		<TestList/>
		<EndDateTime>Jan 08 18:02 JST</EndDateTime>
		<EndTestTime>1736326928</EndTestTime>
		<ElapsedMinutes>0</ElapsedMinutes>
	</Testing>
</Site>
