<?xml version="1.0" encoding="UTF-8"?>
<Site BuildName="(empty)"
	BuildStamp="20241202-0453-Experimental"
	Name="irohasu"
	Generator="ctest-3.26.3"
	CompilerName="/usr/bin/c++"
	CompilerVersion="9.4.0"
	OSName="Linux"
	Hostname="irohasu"
	OSRelease="5.15.0-125-generic"
	OSVersion="#135~20.04.1-Ubuntu SMP Mon Oct 7 13:56:22 UTC 2024"
	OSPlatform="x86_64"
	Is64Bits="1"
	VendorString="GenuineIntel"
	VendorID="Intel Corporation"
	FamilyID="6"
	ModelID="183"
	ProcessorCacheSize="36864"
	NumberOfLogicalCPU="32"
	NumberOfPhysicalCPU="24"
	TotalVirtualMemory="2047"
	TotalPhysicalMemory="31917"
	LogicalProcessorsPerPhysical="1"
	ProcessorClockFrequency="5496.49"
	>
	<Testing>
		<StartDateTime>Dec 02 13:53 JST</StartDateTime>
		<StartTestTime>1733115233</StartTestTime>
		<TestList/>
		<EndDateTime>Dec 02 13:53 JST</EndDateTime>
		<EndTestTime>1733115233</EndTestTime>
		<ElapsedMinutes>0</ElapsedMinutes>
	</Testing>
</Site>
